<?xml version="1.0" encoding="UTF-8"?>
<!-- Generated by org.testng.reporters.JUnitXMLReporter -->
<testsuite ignored="0" hostname="LENOVO" failures="0" tests="3" name="Default test" time="0.968" errors="0" timestamp="2025-08-02T16:26:57 IST">
  <testcase classname="Sample2.DataDrivenTest" name="fetchData" time="0.027"/>
  <testcase classname="Sample2.DataDrivenTest" name="fetchData" time="0.017"/>
  <testcase classname="Sample2.DataDrivenTest" name="fetchData" time="0.008"/>
</testsuite> <!-- Default test -->
