<?xml version="1.0" encoding="UTF-8"?>
<testng-results ignored="0" total="3" passed="3" failed="0" skipped="0">
  <reporter-output>
  </reporter-output>
  <suite started-at="2025-08-02T16:26:56 IST" name="Default suite" finished-at="2025-08-02T16:26:57 IST" duration-ms="968">
    <groups>
    </groups>
    <test started-at="2025-08-02T16:26:56 IST" name="Default test" finished-at="2025-08-02T16:26:57 IST" duration-ms="968">
      <class name="Sample2.DataDrivenTest">
        <test-method signature="fetchData(java.lang.String,java.lang.String)[pri:0, instance:Sample2.DataDrivenTest@6eda5c9]" started-at="2025-08-02T16:26:57 IST" name="fetchData" data-provider="dataTest" finished-at="2025-08-02T16:26:57 IST" duration-ms="27" status="PASS">
          <params>
            <param index="0">
              <value>
                <![CDATA[Dipali]]>
              </value>
            </param>
            <param index="1">
              <value>
                <![CDATA[Jagtap]]>
              </value>
            </param>
          </params>
          <reporter-output>
          </reporter-output>
        </test-method> <!-- fetchData -->
        <test-method signature="fetchData(java.lang.String,java.lang.String)[pri:0, instance:Sample2.DataDrivenTest@6eda5c9]" started-at="2025-08-02T16:26:57 IST" name="fetchData" data-provider="dataTest" finished-at="2025-08-02T16:26:57 IST" duration-ms="17" status="PASS">
          <params>
            <param index="0">
              <value>
                <![CDATA[Ujama]]>
              </value>
            </param>
            <param index="1">
              <value>
                <![CDATA[Attar]]>
              </value>
            </param>
          </params>
          <reporter-output>
          </reporter-output>
        </test-method> <!-- fetchData -->
        <test-method signature="fetchData(java.lang.String,java.lang.String)[pri:0, instance:Sample2.DataDrivenTest@6eda5c9]" started-at="2025-08-02T16:26:57 IST" name="fetchData" data-provider="dataTest" finished-at="2025-08-02T16:26:57 IST" duration-ms="8" status="PASS">
          <params>
            <param index="0">
              <value>
                <![CDATA[Sonali]]>
              </value>
            </param>
            <param index="1">
              <value>
                <![CDATA[Patil]]>
              </value>
            </param>
          </params>
          <reporter-output>
          </reporter-output>
        </test-method> <!-- fetchData -->
      </class> <!-- Sample2.DataDrivenTest -->
    </test> <!-- Default test -->
  </suite> <!-- Default suite -->
</testng-results>
